<?xml version="1.0" encoding="UTF-8"?>
<!-- Generated by org.testng.reporters.JUnitXMLReporter -->
<testsuite ignored="0" hostname="IBM-PF33EK79" failures="0" tests="7" name="com.FirstTest" time="26.144" errors="0" timestamp="2025-06-11T18:05:53 CST">
  <testcase classname="FirstTest" name="GOOGLE7" time="7.184"/>
  <testcase classname="FirstTest" name="GOOGLE5" time="7.392"/>
  <testcase classname="FirstTest" name="GOOGLE4" time="7.835"/>
  <testcase classname="FirstTest" name="GOOGLE1" time="9.135"/>
  <testcase classname="FirstTest" name="GOOGLE2" time="5.18"/>
  <testcase classname="FirstTest" name="GOOGLE3" time="6.029"/>
  <testcase classname="FirstTest" name="GOOGLE6" time="6.698"/>
</testsuite> <!-- com.FirstTest -->
