<?xml version="1.0" encoding="UTF-8"?>
<testsuite xmlns:xsi="http://www.w3.org/2001/XMLSchema-instance" xsi:noNamespaceSchemaLocation="https://maven.apache.org/surefire/maven-surefire-plugin/xsd/surefire-test-report-3.0.xsd" version="3.0" name="TestSuite" time="54.511" tests="10" errors="0" skipped="0" failures="0">
  <properties>
[...]
</properties>
  <testcase name="GOOGLE7" classname="FirstTest" time="7.191">
    <system-out><![CDATA[Using browser: chrome
Using browser: chrome
Using browser: chrome
Using browser: chrome
Using browser: chrome
Using browser: chrome
Using browser: chrome
getCapabilities Using browser: chrome
getCapabilities Using browser: chrome
getCapabilities Using browser: chrome
getCapabilities Using browser: chrome
getCapabilities Using browser: chrome
getCapabilities Using browser: chrome
getCapabilities Using browser: chrome
Using browser: 
Google1 Test Started! Thread Id: 25
Google5 Test Started! Thread Id: 29
Google4 Test Started! Thread Id: 28
Google7 Test Started! Thread Id: 31
Google7 Test's Page title is: Google Thread Id: 31
Google7 Test Ended! Thread Id: 31
Google5 Test's Page title is: Google Thread Id: 29
Google5 Test Ended! Thread Id: 29
Google4 Test's Page title is: Google Thread Id: 28
Google4 Test Ended! Thread Id: 28
]]></system-out>
    <system-err><![CDATA[Jun 11, 2025 6:05:28 PM org.openqa.selenium.remote.tracing.opentelemetry.OpenTelemetryTracer createTracer
INFO: Using OpenTelemetry for tracing
]]></system-err>
  </testcase>
  <testcase name="GOOGLE5" classname="FirstTest" time="7.35"/>
  <testcase name="GOOGLE4" classname="FirstTest" time="7.823"/>
  <testcase name="GOOGLE1" classname="FirstTest" time="9.091">
    <system-out><![CDATA[Google1 Test's Page title is: Google Thread Id: 25
Google1 Test Ended! Thread Id: 25
]]></system-out>
  </testcase>
  <testcase name="GOOGLE2" classname="FirstTest" time="5.028">
    <system-out><![CDATA[Google6 Test Started! Thread Id: 30
Google2 Test Started! Thread Id: 26
Google3 Test Started! Thread Id: 27
Google2 Test's Page title is: Google Thread Id: 26
Google2 Test Ended! Thread Id: 26
Google3 Test's Page title is: Google Thread Id: 27
Google3 Test Ended! Thread Id: 27
]]></system-out>
  </testcase>
  <testcase name="GOOGLE3" classname="FirstTest" time="6.031">
    <system-out><![CDATA[Google6 Test's Page title is: Google Thread Id: 30
Google6 Test Ended! Thread Id: 30
]]></system-out>
  </testcase>
  <testcase name="GOOGLE6" classname="FirstTest" time="6.378"/>
  <testcase name="FIREFOX2" classname="SecondTest" time="4.732">
    <system-out><![CDATA[Using browser: firefox
getCapabilities Using browser: firefox
Using browser: firefox
getCapabilities Using browser: firefox
Using browser: firefox
getCapabilities Using browser: firefox
FIREFOX3 Test Started! Thread Id: 63
FIREFOX2 Test Started! Thread Id: 62
FIREFOX1 Test Started! Thread Id: 61
FIREFOX2 Test's Page title is: Google Thread Id: 62
FIREFOX2 Test Ended! Thread Id: 62
]]></system-out>
  </testcase>
  <testcase name="FIREFOX3" classname="SecondTest" time="5.009">
    <system-out><![CDATA[FIREFOX3 Test's Page title is: Google Thread Id: 63
FIREFOX3 Test Ended! Thread Id: 63
]]></system-out>
  </testcase>
  <testcase name="FIREFOX1" classname="SecondTest" time="7.36">
    <system-out><![CDATA[FIREFOX1 Test's Page title is: Google Thread Id: 61
FIREFOX1 Test Ended! Thread Id: 61
]]></system-out>
  </testcase>
</testsuite>